<?xml version="1.0" encoding="UTF-8"?>
<!-- Generated by org.testng.reporters.JUnitXMLReporter -->
<testsuite ignored="0" hostname="TAP-5CD148BF6Z" failures="0" tests="4" name="Default test" time="47.47" errors="0" timestamp="16 Jun 2023 11:17:22 GMT">
  <testcase classname="com.tourradar.Tests.SortSectionTest" name="testSort" time="23.95"/>
  <testcase classname="com.tourradar.Tests.FooterSectionTest" name="testAboutUs" time="3.471"/>
  <testcase classname="com.tourradar.Tests.ContentSectionTest" name="testDownloadBrochure" time="4.153"/>
  <testcase classname="com.tourradar.Tests.NavigationSectionTest" name="testSearchTour" time="4.229"/>
</testsuite> <!-- Default test -->
