<?xml version="1.0" encoding="UTF-8"?>
<testng-results ignored="0" total="4" passed="4" failed="0" skipped="0">
  <reporter-output>
  </reporter-output>
  <suite started-at="2023-06-16T11:16:35Z" name="Default suite" finished-at="2023-06-16T11:17:22Z" duration-ms="47470">
    <groups>
    </groups>
    <test started-at="2023-06-16T11:16:35Z" name="Default test" finished-at="2023-06-16T11:17:22Z" duration-ms="47470">
      <class name="com.tourradar.Tests.SortSectionTest">
        <test-method is-config="true" signature="setUp()[pri:0, instance:com.tourradar.Tests.SortSectionTest@18e36d14]" started-at="2023-06-16T11:16:35Z" name="setUp" finished-at="2023-06-16T11:16:37Z" duration-ms="2803" status="PASS">
          <reporter-output>
          </reporter-output>
        </test-method> <!-- setUp -->
        <test-method signature="testSort()[pri:0, instance:com.tourradar.Tests.SortSectionTest@18e36d14]" started-at="2023-06-16T11:16:37Z" name="testSort" finished-at="2023-06-16T11:17:01Z" duration-ms="23950" status="PASS">
          <reporter-output>
          </reporter-output>
        </test-method> <!-- testSort -->
        <test-method is-config="true" signature="tearDown()[pri:0, instance:com.tourradar.Tests.SortSectionTest@18e36d14]" started-at="2023-06-16T11:17:01Z" name="tearDown" finished-at="2023-06-16T11:17:02Z" duration-ms="1020" status="PASS">
          <reporter-output>
          </reporter-output>
        </test-method> <!-- tearDown -->
      </class> <!-- com.tourradar.Tests.SortSectionTest -->
      <class name="com.tourradar.Tests.NavigationSectionTest">
        <test-method is-config="true" signature="setUp()[pri:0, instance:com.tourradar.Tests.NavigationSectionTest@5082d622]" started-at="2023-06-16T11:17:15Z" name="setUp" finished-at="2023-06-16T11:17:17Z" duration-ms="1717" status="PASS">
          <reporter-output>
          </reporter-output>
        </test-method> <!-- setUp -->
        <test-method signature="testSearchTour()[pri:0, instance:com.tourradar.Tests.NavigationSectionTest@5082d622]" started-at="2023-06-16T11:17:17Z" name="testSearchTour" finished-at="2023-06-16T11:17:21Z" duration-ms="4229" status="PASS">
          <reporter-output>
          </reporter-output>
        </test-method> <!-- testSearchTour -->
        <test-method is-config="true" signature="tearDown()[pri:0, instance:com.tourradar.Tests.NavigationSectionTest@5082d622]" started-at="2023-06-16T11:17:21Z" name="tearDown" finished-at="2023-06-16T11:17:22Z" duration-ms="910" status="PASS">
          <reporter-output>
          </reporter-output>
        </test-method> <!-- tearDown -->
      </class> <!-- com.tourradar.Tests.NavigationSectionTest -->
      <class name="com.tourradar.Tests.FooterSectionTest">
        <test-method is-config="true" signature="setUp()[pri:0, instance:com.tourradar.Tests.FooterSectionTest@13d4992d]" started-at="2023-06-16T11:17:02Z" name="setUp" finished-at="2023-06-16T11:17:04Z" duration-ms="1677" status="PASS">
          <reporter-output>
          </reporter-output>
        </test-method> <!-- setUp -->
        <test-method signature="testAboutUs()[pri:0, instance:com.tourradar.Tests.FooterSectionTest@13d4992d]" started-at="2023-06-16T11:17:04Z" name="testAboutUs" finished-at="2023-06-16T11:17:08Z" duration-ms="3471" status="PASS">
          <reporter-output>
          </reporter-output>
        </test-method> <!-- testAboutUs -->
        <test-method is-config="true" signature="tearDown()[pri:0, instance:com.tourradar.Tests.FooterSectionTest@13d4992d]" started-at="2023-06-16T11:17:08Z" name="tearDown" finished-at="2023-06-16T11:17:09Z" duration-ms="935" status="PASS">
          <reporter-output>
          </reporter-output>
        </test-method> <!-- tearDown -->
      </class> <!-- com.tourradar.Tests.FooterSectionTest -->
      <class name="com.tourradar.Tests.ContentSectionTest">
        <test-method is-config="true" signature="setUp()[pri:0, instance:com.tourradar.Tests.ContentSectionTest@302f7971]" started-at="2023-06-16T11:17:09Z" name="setUp" finished-at="2023-06-16T11:17:10Z" duration-ms="1694" status="PASS">
          <reporter-output>
          </reporter-output>
        </test-method> <!-- setUp -->
        <test-method signature="testDownloadBrochure()[pri:0, instance:com.tourradar.Tests.ContentSectionTest@302f7971]" started-at="2023-06-16T11:17:10Z" name="testDownloadBrochure" finished-at="2023-06-16T11:17:14Z" duration-ms="4153" status="PASS">
          <reporter-output>
          </reporter-output>
        </test-method> <!-- testDownloadBrochure -->
        <test-method is-config="true" signature="tearDown()[pri:0, instance:com.tourradar.Tests.ContentSectionTest@302f7971]" started-at="2023-06-16T11:17:14Z" name="tearDown" finished-at="2023-06-16T11:17:15Z" duration-ms="891" status="PASS">
          <reporter-output>
          </reporter-output>
        </test-method> <!-- tearDown -->
      </class> <!-- com.tourradar.Tests.ContentSectionTest -->
    </test> <!-- Default test -->
  </suite> <!-- Default suite -->
</testng-results>
